


ARM Macro Assembler    Page 1 


    1 00000000         ;/*
    2 00000000         ; * Copyright (c) 2013-2016 ARM Limited. All rights rese
                       rved.
    3 00000000         ; *
    4 00000000         ; * SPDX-License-Identifier: Apache-2.0
    5 00000000         ; *
    6 00000000         ; * Licensed under the Apache License, Version 2.0 (the 
                       License); you may
    7 00000000         ; * not use this file except in compliance with the Lice
                       nse.
    8 00000000         ; * You may obtain a copy of the License at
    9 00000000         ; *
   10 00000000         ; * http://www.apache.org/licenses/LICENSE-2.0
   11 00000000         ; *
   12 00000000         ; * Unless required by applicable law or agreed to in wr
                       iting, software
   13 00000000         ; * distributed under the License is distributed on an A
                       S IS BASIS, WITHOUT
   14 00000000         ; * WARRANTIES OR CONDITIONS OF ANY KIND, either express
                        or implied.
   15 00000000         ; * See the License for the specific language governing 
                       permissions and
   16 00000000         ; * limitations under the License.
   17 00000000         ; *
   18 00000000         ; * ----------------------------------------------------
                       -------------------------
   19 00000000         ; *
   20 00000000         ; * Project:     CMSIS-RTOS RTX
   21 00000000         ; * Title:       Cortex-M3 Exception handlers
   22 00000000         ; *
   23 00000000         ; * ----------------------------------------------------
                       -------------------------
   24 00000000         ; */
   25 00000000         
   26 00000000         
   27 00000000 0000001C 
                       I_T_RUN_OFS
                               EQU              28          ; osInfo.thread.run
                                                             offset
   28 00000000 00000038 
                       TCB_SP_OFS
                               EQU              56          ; TCB.SP offset
   29 00000000         
   30 00000000         
   31 00000000                 PRESERVE8
   32 00000000                 THUMB
   33 00000000         
   34 00000000         
   35 00000000                 AREA             |.constdata|, DATA, READONLY
   36 00000000                 EXPORT           os_irq_cm
   37 00000000 00      os_irq_cm
                               DCB              0           ; Non weak library 
                                                            reference
   38 00000001         
   39 00000001         
   40 00000001                 AREA             |.text|, CODE, READONLY
   41 00000000         
   42 00000000         
   43 00000000         SVC_Handler



ARM Macro Assembler    Page 2 


                               PROC
   44 00000000                 EXPORT           SVC_Handler
   45 00000000                 IMPORT           os_UserSVC_Table
   46 00000000                 IMPORT           os_Info
   47 00000000         
   48 00000000 F3EF 8009       MRS              R0,PSP      ; Get PSP
   49 00000004 6981            LDR              R1,[R0,#24] ; Load saved PC fro
                                                            m stack
   50 00000006 F811 1C02       LDRB             R1,[R1,#-2] ; Load SVC number
   51 0000000A B9C9            CBNZ             R1,SVC_User ; Branch if not SVC
                                                             0
   52 0000000C         
   53 0000000C E890 100F       LDM              R0,{R0-R3,R12} ; Load function 
                                                            parameters and addr
                                                            ess from stack
   54 00000010 47E0            BLX              R12         ; Call service func
                                                            tion
   55 00000012 F3EF 8C09       MRS              R12,PSP     ; Get PSP
   56 00000016 E88C 0003       STM              R12,{R0-R1} ; Store function re
                                                            turn values
   57 0000001A         
   58 0000001A         SVC_Context
   59 0000001A 4B16            LDR              R3,=os_Info+I_T_RUN_OFS ; Load 
                                                            address of os_Info.
                                                            run
   60 0000001C E893 0006       LDM              R3,{R1,R2}  ; Load os_Info.thre
                                                            ad.run: curr & next
                                                            
   61 00000020 4291            CMP              R1,R2       ; Check if thread s
                                                            witch is required
   62 00000022 D00A            BEQ              SVC_Exit    ; Branch when threa
                                                            ds are the same
   63 00000024         
   64 00000024 B119            CBZ              R1,SVC_ContextSwitch ; Branch i
                                                            f running thread is
                                                             deleted
   65 00000026         
   66 00000026         SVC_ContextSave
   67 00000026 E92C 0FF0       STMDB            R12!,{R4-R11} ; Save R4..R11
   68 0000002A F8C1 C038       STR              R12,[R1,#TCB_SP_OFS] ; Store SP
                                                            
   69 0000002E         
   70 0000002E         SVC_ContextSwitch
   71 0000002E 601A            STR              R2,[R3]     ; os_Info.thread.ru
                                                            n: curr = next
   72 00000030         
   73 00000030         SVC_ContextRestore
   74 00000030 6B90            LDR              R0,[R2,#TCB_SP_OFS] ; Load SP
   75 00000032 E8B0 0FF0       LDMIA            R0!,{R4-R11} ; Restore R4..R11
   76 00000036 F380 8809       MSR              PSP,R0      ; Set PSP
   77 0000003A         
   78 0000003A         SVC_Exit
   79 0000003A F06F 0E02       MVN              LR,#~0xFFFFFFFD ; Set EXC_RETUR
                                                            N value
   80 0000003E 4770            BX               LR          ; Exit from handler
                                                            
   81 00000040         
   82 00000040         SVC_User
   83 00000040 B510            PUSH             {R4,LR}     ; Save registers



ARM Macro Assembler    Page 3 


   84 00000042 4A0D            LDR              R2,=os_UserSVC_Table ; Load add
                                                            ress of SVC table
   85 00000044 6813            LDR              R3,[R2]     ; Load SVC maximum 
                                                            number
   86 00000046 4299            CMP              R1,R3       ; Check SVC number 
                                                            range
   87 00000048 D806            BHI              SVC_Done    ; Branch if out of 
                                                            range
   88 0000004A         
   89 0000004A F852 4021       LDR              R4,[R2,R1,LSL #2] ; Load addres
                                                            s of SVC function
   90 0000004E         
   91 0000004E C80F            LDM              R0,{R0-R3}  ; Load function par
                                                            ameters from stack
   92 00000050 47A0            BLX              R4          ; Call service func
                                                            tion
   93 00000052 F3EF 8409       MRS              R4,PSP      ; Get PSP
   94 00000056 6020            STR              R0,[R4]     ; Store function re
                                                            turn value
   95 00000058         
   96 00000058         SVC_Done
   97 00000058 BD10            POP              {R4,PC}     ; Return from handl
                                                            er
   98 0000005A         
   99 0000005A 00 00           ALIGN
  100 0000005C                 ENDP
  101 0000005C         
  102 0000005C         
  103 0000005C         PendSV_Handler
                               PROC
  104 0000005C                 EXPORT           PendSV_Handler
  105 0000005C                 IMPORT           os_PendSV_Handler
  106 0000005C         
  107 0000005C F7FF FFFE       BL               os_PendSV_Handler
  108 00000060 F3EF 8C09       MRS              R12,PSP
  109 00000064 E7D9            B                SVC_Context
  110 00000066         
  111 00000066 00 00           ALIGN
  112 00000068                 ENDP
  113 00000068         
  114 00000068         
  115 00000068         SysTick_Handler
                               PROC
  116 00000068                 EXPORT           SysTick_Handler
  117 00000068                 IMPORT           os_Tick_Handler
  118 00000068         
  119 00000068 F7FF FFFE       BL               os_Tick_Handler
  120 0000006C F3EF 8C09       MRS              R12,PSP
  121 00000070 E7D3            B                SVC_Context
  122 00000072         
  123 00000072 00 00           ALIGN
  124 00000074                 ENDP
  125 00000074         
  126 00000074         
  127 00000074                 END
              0000001C 
              00000000 
Command Line: --debug --xref --diag_suppress=9931 --cpu=Cortex-M3 --apcs=interw
ork --depend=.\objects\irq_cm3.d -o.\objects\irq_cm3.o -IC:\Users\Aleksandar\Ke



ARM Macro Assembler    Page 4 


il_ARM_projects\RTOS2_v3_0_RR&ThreadFlags\RTE\Compiler -IC:\Users\Aleksandar\Ke
il_ARM_projects\RTOS2_v3_0_RR&ThreadFlags\RTE\Device\LPC1768 -IC:\Users\Aleksan
dar\Keil_ARM_projects\RTOS2_v3_0_RR&ThreadFlags\RTE\_Target_1 -IC:\Keil_v5_ARM\
ARM\PACK\ARM\CMSIS\5.0.0\CMSIS\Include -IC:\Keil_v5_ARM\ARM\PACK\ARM\CMSIS\5.0.
0\CMSIS\RTOS2\Include -IC:\Keil_v5_ARM\ARM\PACK\ARM\CMSIS\5.0.0\CMSIS\RTOS2\RTX
\Include -IC:\Keil_v5_ARM\ARM\PACK\Keil\ARM_Compiler\1.2.0\Include -IC:\Keil_v5
_ARM\ARM\PACK\Keil\LPC1700_DFP\2.4.0\Device\Include --predefine="__UVISION_VERS
ION SETA 522" --predefine="_RTE_ SETA 1" --predefine="LPC175x_6x SETA 1" --list
=.\listings\irq_cm3.lst C:\Keil_v5_ARM\ARM\PACK\ARM\CMSIS\5.0.0\CMSIS\RTOS2\RTX
\Source\ARM\irq_cm3.s



ARM Macro Assembler    Page 1 Alphabetic symbol ordering
Relocatable symbols

.constdata 00000000

Symbol: .constdata
   Definitions
      At line 35 in file C:\Keil_v5_ARM\ARM\PACK\ARM\CMSIS\5.0.0\CMSIS\RTOS2\RT
X\Source\ARM\irq_cm3.s
   Uses
      None
Comment: .constdata unused
os_irq_cm 00000000

Symbol: os_irq_cm
   Definitions
      At line 37 in file C:\Keil_v5_ARM\ARM\PACK\ARM\CMSIS\5.0.0\CMSIS\RTOS2\RT
X\Source\ARM\irq_cm3.s
   Uses
      At line 36 in file C:\Keil_v5_ARM\ARM\PACK\ARM\CMSIS\5.0.0\CMSIS\RTOS2\RT
X\Source\ARM\irq_cm3.s
Comment: os_irq_cm used once
2 symbols



ARM Macro Assembler    Page 1 Alphabetic symbol ordering
Relocatable symbols

.text 00000000

Symbol: .text
   Definitions
      At line 40 in file C:\Keil_v5_ARM\ARM\PACK\ARM\CMSIS\5.0.0\CMSIS\RTOS2\RT
X\Source\ARM\irq_cm3.s
   Uses
      None
Comment: .text unused
PendSV_Handler 0000005C

Symbol: PendSV_Handler
   Definitions
      At line 103 in file C:\Keil_v5_ARM\ARM\PACK\ARM\CMSIS\5.0.0\CMSIS\RTOS2\R
TX\Source\ARM\irq_cm3.s
   Uses
      At line 104 in file C:\Keil_v5_ARM\ARM\PACK\ARM\CMSIS\5.0.0\CMSIS\RTOS2\R
TX\Source\ARM\irq_cm3.s
Comment: PendSV_Handler used once
SVC_Context 0000001A

Symbol: SVC_Context
   Definitions
      At line 58 in file C:\Keil_v5_ARM\ARM\PACK\ARM\CMSIS\5.0.0\CMSIS\RTOS2\RT
X\Source\ARM\irq_cm3.s
   Uses
      At line 109 in file C:\Keil_v5_ARM\ARM\PACK\ARM\CMSIS\5.0.0\CMSIS\RTOS2\R
TX\Source\ARM\irq_cm3.s
      At line 121 in file C:\Keil_v5_ARM\ARM\PACK\ARM\CMSIS\5.0.0\CMSIS\RTOS2\R
TX\Source\ARM\irq_cm3.s

SVC_ContextRestore 00000030

Symbol: SVC_ContextRestore
   Definitions
      At line 73 in file C:\Keil_v5_ARM\ARM\PACK\ARM\CMSIS\5.0.0\CMSIS\RTOS2\RT
X\Source\ARM\irq_cm3.s
   Uses
      None
Comment: SVC_ContextRestore unused
SVC_ContextSave 00000026

Symbol: SVC_ContextSave
   Definitions
      At line 66 in file C:\Keil_v5_ARM\ARM\PACK\ARM\CMSIS\5.0.0\CMSIS\RTOS2\RT
X\Source\ARM\irq_cm3.s
   Uses
      None
Comment: SVC_ContextSave unused
SVC_ContextSwitch 0000002E

Symbol: SVC_ContextSwitch
   Definitions
      At line 70 in file C:\Keil_v5_ARM\ARM\PACK\ARM\CMSIS\5.0.0\CMSIS\RTOS2\RT
X\Source\ARM\irq_cm3.s
   Uses
      At line 64 in file C:\Keil_v5_ARM\ARM\PACK\ARM\CMSIS\5.0.0\CMSIS\RTOS2\RT
X\Source\ARM\irq_cm3.s
Comment: SVC_ContextSwitch used once



ARM Macro Assembler    Page 2 Alphabetic symbol ordering
Relocatable symbols

SVC_Done 00000058

Symbol: SVC_Done
   Definitions
      At line 96 in file C:\Keil_v5_ARM\ARM\PACK\ARM\CMSIS\5.0.0\CMSIS\RTOS2\RT
X\Source\ARM\irq_cm3.s
   Uses
      At line 87 in file C:\Keil_v5_ARM\ARM\PACK\ARM\CMSIS\5.0.0\CMSIS\RTOS2\RT
X\Source\ARM\irq_cm3.s
Comment: SVC_Done used once
SVC_Exit 0000003A

Symbol: SVC_Exit
   Definitions
      At line 78 in file C:\Keil_v5_ARM\ARM\PACK\ARM\CMSIS\5.0.0\CMSIS\RTOS2\RT
X\Source\ARM\irq_cm3.s
   Uses
      At line 62 in file C:\Keil_v5_ARM\ARM\PACK\ARM\CMSIS\5.0.0\CMSIS\RTOS2\RT
X\Source\ARM\irq_cm3.s
Comment: SVC_Exit used once
SVC_Handler 00000000

Symbol: SVC_Handler
   Definitions
      At line 43 in file C:\Keil_v5_ARM\ARM\PACK\ARM\CMSIS\5.0.0\CMSIS\RTOS2\RT
X\Source\ARM\irq_cm3.s
   Uses
      At line 44 in file C:\Keil_v5_ARM\ARM\PACK\ARM\CMSIS\5.0.0\CMSIS\RTOS2\RT
X\Source\ARM\irq_cm3.s
Comment: SVC_Handler used once
SVC_User 00000040

Symbol: SVC_User
   Definitions
      At line 82 in file C:\Keil_v5_ARM\ARM\PACK\ARM\CMSIS\5.0.0\CMSIS\RTOS2\RT
X\Source\ARM\irq_cm3.s
   Uses
      At line 51 in file C:\Keil_v5_ARM\ARM\PACK\ARM\CMSIS\5.0.0\CMSIS\RTOS2\RT
X\Source\ARM\irq_cm3.s
Comment: SVC_User used once
SysTick_Handler 00000068

Symbol: SysTick_Handler
   Definitions
      At line 115 in file C:\Keil_v5_ARM\ARM\PACK\ARM\CMSIS\5.0.0\CMSIS\RTOS2\R
TX\Source\ARM\irq_cm3.s
   Uses
      At line 116 in file C:\Keil_v5_ARM\ARM\PACK\ARM\CMSIS\5.0.0\CMSIS\RTOS2\R
TX\Source\ARM\irq_cm3.s
Comment: SysTick_Handler used once
11 symbols



ARM Macro Assembler    Page 1 Alphabetic symbol ordering
Absolute symbols

I_T_RUN_OFS 0000001C

Symbol: I_T_RUN_OFS
   Definitions
      At line 27 in file C:\Keil_v5_ARM\ARM\PACK\ARM\CMSIS\5.0.0\CMSIS\RTOS2\RT
X\Source\ARM\irq_cm3.s
   Uses
      At line 59 in file C:\Keil_v5_ARM\ARM\PACK\ARM\CMSIS\5.0.0\CMSIS\RTOS2\RT
X\Source\ARM\irq_cm3.s
Comment: I_T_RUN_OFS used once
TCB_SP_OFS 00000038

Symbol: TCB_SP_OFS
   Definitions
      At line 28 in file C:\Keil_v5_ARM\ARM\PACK\ARM\CMSIS\5.0.0\CMSIS\RTOS2\RT
X\Source\ARM\irq_cm3.s
   Uses
      At line 68 in file C:\Keil_v5_ARM\ARM\PACK\ARM\CMSIS\5.0.0\CMSIS\RTOS2\RT
X\Source\ARM\irq_cm3.s
      At line 74 in file C:\Keil_v5_ARM\ARM\PACK\ARM\CMSIS\5.0.0\CMSIS\RTOS2\RT
X\Source\ARM\irq_cm3.s

2 symbols



ARM Macro Assembler    Page 1 Alphabetic symbol ordering
External symbols

os_Info 00000000

Symbol: os_Info
   Definitions
      At line 46 in file C:\Keil_v5_ARM\ARM\PACK\ARM\CMSIS\5.0.0\CMSIS\RTOS2\RT
X\Source\ARM\irq_cm3.s
   Uses
      At line 59 in file C:\Keil_v5_ARM\ARM\PACK\ARM\CMSIS\5.0.0\CMSIS\RTOS2\RT
X\Source\ARM\irq_cm3.s
Comment: os_Info used once
os_PendSV_Handler 00000000

Symbol: os_PendSV_Handler
   Definitions
      At line 105 in file C:\Keil_v5_ARM\ARM\PACK\ARM\CMSIS\5.0.0\CMSIS\RTOS2\R
TX\Source\ARM\irq_cm3.s
   Uses
      At line 107 in file C:\Keil_v5_ARM\ARM\PACK\ARM\CMSIS\5.0.0\CMSIS\RTOS2\R
TX\Source\ARM\irq_cm3.s
Comment: os_PendSV_Handler used once
os_Tick_Handler 00000000

Symbol: os_Tick_Handler
   Definitions
      At line 117 in file C:\Keil_v5_ARM\ARM\PACK\ARM\CMSIS\5.0.0\CMSIS\RTOS2\R
TX\Source\ARM\irq_cm3.s
   Uses
      At line 119 in file C:\Keil_v5_ARM\ARM\PACK\ARM\CMSIS\5.0.0\CMSIS\RTOS2\R
TX\Source\ARM\irq_cm3.s
Comment: os_Tick_Handler used once
os_UserSVC_Table 00000000

Symbol: os_UserSVC_Table
   Definitions
      At line 45 in file C:\Keil_v5_ARM\ARM\PACK\ARM\CMSIS\5.0.0\CMSIS\RTOS2\RT
X\Source\ARM\irq_cm3.s
   Uses
      At line 84 in file C:\Keil_v5_ARM\ARM\PACK\ARM\CMSIS\5.0.0\CMSIS\RTOS2\RT
X\Source\ARM\irq_cm3.s
Comment: os_UserSVC_Table used once
4 symbols
354 symbols in table
